<?xml version="1.0" encoding="UTF-8"?>
<!-- Generated by org.testng.reporters.JUnitReportReporter -->
<testsuite hostname="LR9WL4N-THINK" name="Testrunner.Runner" tests="3" failures="0" timestamp="20 Jun 2019 07:24:26 GMT" time="16.433" errors="0">
  <testcase name="logintest" time="5.687" classname="Testrunner.Runner"/>
  <testcase name="logintest" time="7.242" classname="Testrunner.Runner"/>
  <testcase name="logintest1" time="3.504" classname="Testrunner.Runner"/>
</testsuite> <!-- Testrunner.Runner -->
